# JRE version: OpenJDK Runtime Environment Temurin-11.0.24+8 (11.0.24+8) (build 11.0.24+8)
# Java VM: OpenJDK 64-Bit Server VM Temurin-11.0.24+8 (11.0.24+8, mixed mode, tiered, compressed oops, g1 gc, linux-amd64)
Heap:
 garbage-first heap   total 219136K, used 97385K [0x000000060c600000, 0x0000000800000000)
  region size 2048K, 11 young (22528K), 1 survivors (2048K)
 Metaspace       used 52271K, capacity 54122K, committed 54400K, reserved 1097728K
  class space    used 5308K, capacity 6483K, committed 6528K, reserved 1048576K
GC Heap History (20 events):
Event: 1030.943 GC heap before
{Heap before GC invocations=189 (full 3):
 garbage-first heap   total 219136K, used 185595K [0x000000060c600000, 0x0000000800000000)
  region size 2048K, 50 young (102400K), 1 survivors (2048K)
 Metaspace       used 52105K, capacity 53895K, committed 54144K, reserved 1097728K
  class space    used 5302K, capacity 6477K, committed 6528K, reserved 1048576K
}
Event: 1030.946 GC heap after
{Heap after GC invocations=190 (full 3):
 garbage-first heap   total 219136K, used 85235K [0x000000060c600000, 0x0000000800000000)
  region size 2048K, 1 young (2048K), 1 survivors (2048K)
 Metaspace       used 52105K, capacity 53895K, committed 54144K, reserved 1097728K
  class space    used 5302K, capacity 6477K, committed 6528K, reserved 1048576K
}
Event: 1033.774 GC heap before
{Heap before GC invocations=190 (full 3):
 garbage-first heap   total 219136K, used 185587K [0x000000060c600000, 0x0000000800000000)
  region size 2048K, 50 young (102400K), 1 survivors (2048K)
 Metaspace       used 52108K, capacity 53896K, committed 54144K, reserved 1097728K
  class space    used 5302K, capacity 6477K, committed 6528K, reserved 1048576K
}
Event: 1033.780 GC heap after
{Heap after GC invocations=191 (full 3):
 garbage-first heap   total 219136K, used 85255K [0x000000060c600000, 0x0000000800000000)
  region size 2048K, 1 young (2048K), 1 survivors (2048K)
 Metaspace       used 52108K, capacity 53896K, committed 54144K, reserved 1097728K
  class space    used 5302K, capacity 6477K, committed 6528K, reserved 1048576K
}
Event: 1036.361 GC heap before
{Heap before GC invocations=191 (full 3):
 garbage-first heap   total 219136K, used 187655K [0x000000060c600000, 0x0000000800000000)
  region size 2048K, 51 young (104448K), 1 survivors (2048K)
 Metaspace       used 52110K, capacity 53960K, committed 54144K, reserved 1097728K
  class space    used 5302K, capacity 6477K, committed 6528K, reserved 1048576K
}
Event: 1036.370 GC heap after
{Heap after GC invocations=192 (full 3):
 garbage-first heap   total 219136K, used 85294K [0x000000060c600000, 0x0000000800000000)
  region size 2048K, 1 young (2048K), 1 survivors (2048K)
 Metaspace       used 52110K, capacity 53960K, committed 54144K, reserved 1097728K
  class space    used 5302K, capacity 6477K, committed 6528K, reserved 1048576K
}
Event: 1058.165 GC heap before
{Heap before GC invocations=192 (full 3):
 garbage-first heap   total 219136K, used 187694K [0x000000060c600000, 0x0000000800000000)
  region size 2048K, 51 young (104448K), 1 survivors (2048K)
 Metaspace       used 52119K, capacity 54024K, committed 54144K, reserved 1097728K
  class space    used 5302K, capacity 6477K, committed 6528K, reserved 1048576K
}
Event: 1058.170 GC heap after
{Heap after GC invocations=193 (full 3):
 garbage-first heap   total 219136K, used 85259K [0x000000060c600000, 0x0000000800000000)
  region size 2048K, 1 young (2048K), 1 survivors (2048K)
 Metaspace       used 52119K, capacity 54024K, committed 54144K, reserved 1097728K
  class space    used 5302K, capacity 6477K, committed 6528K, reserved 1048576K
}
Event: 1061.060 GC heap before
{Heap before GC invocations=193 (full 3):
 garbage-first heap   total 219136K, used 124171K [0x000000060c600000, 0x0000000800000000)
  region size 2048K, 21 young (43008K), 1 survivors (2048K)
 Metaspace       used 52129K, capacity 54024K, committed 54144K, reserved 1097728K
  class space    used 5302K, capacity 6477K, committed 6528K, reserved 1048576K
}
Event: 1061.223 GC heap after
{Heap after GC invocations=194 (full 4):
 garbage-first heap   total 219136K, used 62340K [0x000000060c600000, 0x0000000800000000)
  region size 2048K, 0 young (0K), 0 survivors (0K)
 Metaspace       used 52129K, capacity 54024K, committed 54144K, reserved 1097728K
  class space    used 5302K, capacity 6477K, committed 6528K, reserved 1048576K
}
Event: 1066.419 GC heap before
{Heap before GC invocations=194 (full 4):
 garbage-first heap   total 219136K, used 205700K [0x000000060c600000, 0x0000000800000000)
  region size 2048K, 61 young (124928K), 0 survivors (0K)
 Metaspace       used 52148K, capacity 54024K, committed 54144K, reserved 1097728K
  class space    used 5304K, capacity 6477K, committed 6528K, reserved 1048576K
}
Event: 1066.429 GC heap after
{Heap after GC invocations=195 (full 4):
 garbage-first heap   total 219136K, used 81127K [0x000000060c600000, 0x0000000800000000)
  region size 2048K, 1 young (2048K), 1 survivors (2048K)
 Metaspace       used 52148K, capacity 54024K, committed 54144K, reserved 1097728K
  class space    used 5304K, capacity 6477K, committed 6528K, reserved 1048576K
}
Event: 1067.050 GC heap before
{Heap before GC invocations=195 (full 4):
 garbage-first heap   total 219136K, used 154855K [0x000000060c600000, 0x0000000800000000)
  region size 2048K, 36 young (73728K), 1 survivors (2048K)
 Metaspace       used 52226K, capacity 54089K, committed 54144K, reserved 1097728K
  class space    used 5305K, capacity 6477K, committed 6528K, reserved 1048576K
}
Event: 1067.061 GC heap after
{Heap after GC invocations=196 (full 4):
 garbage-first heap   total 219136K, used 80672K [0x000000060c600000, 0x0000000800000000)
  region size 2048K, 3 young (6144K), 3 survivors (6144K)
 Metaspace       used 52226K, capacity 54089K, committed 54144K, reserved 1097728K
  class space    used 5305K, capacity 6477K, committed 6528K, reserved 1048576K
}
Event: 1068.147 GC heap before
{Heap before GC invocations=197 (full 4):
 garbage-first heap   total 219136K, used 181024K [0x000000060c600000, 0x0000000800000000)
  region size 2048K, 53 young (108544K), 3 survivors (6144K)
 Metaspace       used 52254K, capacity 54116K, committed 54400K, reserved 1097728K
  class space    used 5307K, capacity 6482K, committed 6528K, reserved 1048576K
}
Event: 1068.154 GC heap after
{Heap after GC invocations=198 (full 4):
 garbage-first heap   total 219136K, used 72298K [0x000000060c600000, 0x0000000800000000)
  region size 2048K, 5 young (10240K), 5 survivors (10240K)
 Metaspace       used 52254K, capacity 54116K, committed 54400K, reserved 1097728K
  class space    used 5307K, capacity 6482K, committed 6528K, reserved 1048576K
}
Event: 1068.166 GC heap before
{Heap before GC invocations=198 (full 4):
 garbage-first heap   total 219136K, used 74346K [0x000000060c600000, 0x0000000800000000)
  region size 2048K, 6 young (12288K), 5 survivors (10240K)
 Metaspace       used 52254K, capacity 54116K, committed 54400K, reserved 1097728K
  class space    used 5307K, capacity 6482K, committed 6528K, reserved 1048576K
}
Event: 1068.171 GC heap after
{Heap after GC invocations=199 (full 4):
 garbage-first heap   total 219136K, used 68587K [0x000000060c600000, 0x0000000800000000)
  region size 2048K, 0 young (0K), 0 survivors (0K)
 Metaspace       used 52254K, capacity 54116K, committed 54400K, reserved 1097728K
  class space    used 5307K, capacity 6482K, committed 6528K, reserved 1048576K
}
Event: 1069.041 GC heap before
{Heap before GC invocations=199 (full 4):
 garbage-first heap   total 219136K, used 187371K [0x000000060c600000, 0x0000000800000000)
  region size 2048K, 52 young (106496K), 0 survivors (0K)
 Metaspace       used 52264K, capacity 54122K, committed 54400K, reserved 1097728K
  class space    used 5308K, capacity 6483K, committed 6528K, reserved 1048576K
}
Event: 1069.045 GC heap after
{Heap after GC invocations=200 (full 4):
 garbage-first heap   total 219136K, used 81001K [0x000000060c600000, 0x0000000800000000)
  region size 2048K, 1 young (2048K), 1 survivors (2048K)
 Metaspace       used 52264K, capacity 54122K, committed 54400K, reserved 1097728K
  class space    used 5308K, capacity 6483K, committed 6528K, reserved 1048576K
}

